{"/Users/sofiakristiansen/1dv430/sk222uf-project/models/RegisterUser.js":{"path":"/Users/sofiakristiansen/1dv430/sk222uf-project/models/RegisterUser.js","s":{"1":1,"2":1,"3":1,"4":1,"5":4,"6":4,"7":4,"8":1,"9":2,"10":2,"11":2,"12":0,"13":2,"14":2,"15":0,"16":2,"17":2,"18":1,"19":1,"20":1,"21":0,"22":1,"23":1,"24":1},"b":{"1":[0,2],"2":[0,2],"3":[0,1]},"f":{"1":4,"2":4,"3":4,"4":2,"5":2,"6":2,"7":1,"8":1},"fnMap":{"1":{"name":"(anonymous_1)","line":24,"loc":{"start":{"line":24,"column":21},"end":{"line":24,"column":47}}},"2":{"name":"(anonymous_2)","line":25,"loc":{"start":{"line":25,"column":49},"end":{"line":25,"column":67}}},"3":{"name":"(anonymous_3)","line":38,"loc":{"start":{"line":38,"column":21},"end":{"line":38,"column":37}}},"4":{"name":"(anonymous_4)","line":48,"loc":{"start":{"line":48,"column":31},"end":{"line":48,"column":46}}},"5":{"name":"(anonymous_5)","line":50,"loc":{"start":{"line":50,"column":23},"end":{"line":50,"column":43}}},"6":{"name":"(anonymous_6)","line":56,"loc":{"start":{"line":56,"column":47},"end":{"line":56,"column":67}}},"7":{"name":"(anonymous_7)","line":69,"loc":{"start":{"line":69,"column":45},"end":{"line":69,"column":77}}},"8":{"name":"(anonymous_8)","line":70,"loc":{"start":{"line":70,"column":53},"end":{"line":70,"column":72}}}},"statementMap":{"1":{"start":{"line":10,"column":0},"end":{"line":10,"column":35}},"2":{"start":{"line":11,"column":0},"end":{"line":11,"column":38}},"3":{"start":{"line":13,"column":0},"end":{"line":13,"column":34}},"4":{"start":{"line":16,"column":0},"end":{"line":44,"column":3}},"5":{"start":{"line":25,"column":12},"end":{"line":27,"column":15}},"6":{"start":{"line":26,"column":15},"end":{"line":26,"column":43}},"7":{"start":{"line":39,"column":12},"end":{"line":39,"column":69}},"8":{"start":{"line":48,"column":0},"end":{"line":66,"column":3}},"9":{"start":{"line":49,"column":4},"end":{"line":49,"column":20}},"10":{"start":{"line":50,"column":4},"end":{"line":65,"column":7}},"11":{"start":{"line":51,"column":8},"end":{"line":53,"column":9}},"12":{"start":{"line":52,"column":12},"end":{"line":52,"column":29}},"13":{"start":{"line":56,"column":8},"end":{"line":64,"column":11}},"14":{"start":{"line":57,"column":12},"end":{"line":59,"column":13}},"15":{"start":{"line":58,"column":16},"end":{"line":58,"column":33}},"16":{"start":{"line":62,"column":12},"end":{"line":62,"column":33}},"17":{"start":{"line":63,"column":12},"end":{"line":63,"column":19}},"18":{"start":{"line":69,"column":0},"end":{"line":76,"column":2}},"19":{"start":{"line":70,"column":4},"end":{"line":75,"column":7}},"20":{"start":{"line":71,"column":8},"end":{"line":73,"column":9}},"21":{"start":{"line":72,"column":12},"end":{"line":72,"column":27}},"22":{"start":{"line":74,"column":8},"end":{"line":74,"column":22}},"23":{"start":{"line":79,"column":0},"end":{"line":79,"column":70}},"24":{"start":{"line":82,"column":0},"end":{"line":82,"column":30}}},"branchMap":{"1":{"line":51,"type":"if","locations":[{"start":{"line":51,"column":8},"end":{"line":51,"column":8}},{"start":{"line":51,"column":8},"end":{"line":51,"column":8}}]},"2":{"line":57,"type":"if","locations":[{"start":{"line":57,"column":12},"end":{"line":57,"column":12}},{"start":{"line":57,"column":12},"end":{"line":57,"column":12}}]},"3":{"line":71,"type":"if","locations":[{"start":{"line":71,"column":8},"end":{"line":71,"column":8}},{"start":{"line":71,"column":8},"end":{"line":71,"column":8}}]}}},"/Users/sofiakristiansen/1dv430/sk222uf-project/config/mongoose.js":{"path":"/Users/sofiakristiansen/1dv430/sk222uf-project/config/mongoose.js","s":{"1":1,"2":1,"3":1,"4":1,"5":2,"6":2,"7":2,"8":0,"9":2,"10":3,"11":1,"12":2,"13":2,"14":3,"15":2,"16":2,"17":1,"18":1,"19":1},"b":{},"f":{"1":2,"2":0,"3":3,"4":2,"5":3,"6":2,"7":1},"fnMap":{"1":{"name":"(anonymous_1)","line":16,"loc":{"start":{"line":16,"column":14},"end":{"line":16,"column":25}}},"2":{"name":"(anonymous_2)","line":20,"loc":{"start":{"line":20,"column":19},"end":{"line":20,"column":33}}},"3":{"name":"(anonymous_3)","line":24,"loc":{"start":{"line":24,"column":23},"end":{"line":24,"column":34}}},"4":{"name":"(anonymous_4)","line":29,"loc":{"start":{"line":29,"column":17},"end":{"line":29,"column":28}}},"5":{"name":"(anonymous_5)","line":32,"loc":{"start":{"line":32,"column":26},"end":{"line":32,"column":37}}},"6":{"name":"(anonymous_6)","line":37,"loc":{"start":{"line":37,"column":25},"end":{"line":37,"column":36}}},"7":{"name":"(anonymous_7)","line":38,"loc":{"start":{"line":38,"column":17},"end":{"line":38,"column":28}}}},"statementMap":{"1":{"start":{"line":10,"column":0},"end":{"line":10,"column":35}},"2":{"start":{"line":12,"column":0},"end":{"line":12,"column":53}},"3":{"start":{"line":14,"column":0},"end":{"line":14,"column":7}},"4":{"start":{"line":16,"column":0},"end":{"line":27,"column":2}},"5":{"start":{"line":17,"column":4},"end":{"line":17,"column":33}},"6":{"start":{"line":18,"column":4},"end":{"line":18,"column":29}},"7":{"start":{"line":20,"column":4},"end":{"line":22,"column":7}},"8":{"start":{"line":21,"column":8},"end":{"line":21,"column":58}},"9":{"start":{"line":24,"column":4},"end":{"line":26,"column":7}},"10":{"start":{"line":25,"column":8},"end":{"line":25,"column":46}},"11":{"start":{"line":29,"column":0},"end":{"line":43,"column":2}},"12":{"start":{"line":30,"column":4},"end":{"line":30,"column":15}},"13":{"start":{"line":32,"column":4},"end":{"line":34,"column":7}},"14":{"start":{"line":33,"column":8},"end":{"line":33,"column":51}},"15":{"start":{"line":37,"column":4},"end":{"line":42,"column":7}},"16":{"start":{"line":38,"column":8},"end":{"line":41,"column":11}},"17":{"start":{"line":39,"column":12},"end":{"line":39,"column":85}},"18":{"start":{"line":40,"column":12},"end":{"line":40,"column":28}},"19":{"start":{"line":45,"column":0},"end":{"line":48,"column":2}}},"branchMap":{}}}