{"/Users/sofiakristiansen/1dv430/sk222uf-project/models/RegisterUser.js":{"path":"/Users/sofiakristiansen/1dv430/sk222uf-project/models/RegisterUser.js","s":{"1":1,"2":1,"3":1,"4":4,"5":4,"6":4,"7":1,"8":0,"9":0,"10":0,"11":0,"12":0,"13":0,"14":0,"15":0,"16":0,"17":1,"18":0,"19":0,"20":0,"21":0,"22":1,"23":1},"b":{"1":[0,0],"2":[0,0],"3":[0,0]},"f":{"1":4,"2":4,"3":4,"4":0,"5":0,"6":0,"7":0,"8":0},"fnMap":{"1":{"name":"(anonymous_1)","line":21,"loc":{"start":{"line":21,"column":21},"end":{"line":21,"column":47}}},"2":{"name":"(anonymous_2)","line":22,"loc":{"start":{"line":22,"column":49},"end":{"line":22,"column":67}}},"3":{"name":"(anonymous_3)","line":34,"loc":{"start":{"line":34,"column":21},"end":{"line":34,"column":37}}},"4":{"name":"(anonymous_4)","line":44,"loc":{"start":{"line":44,"column":31},"end":{"line":44,"column":46}}},"5":{"name":"(anonymous_5)","line":46,"loc":{"start":{"line":46,"column":23},"end":{"line":46,"column":43}}},"6":{"name":"(anonymous_6)","line":52,"loc":{"start":{"line":52,"column":47},"end":{"line":52,"column":67}}},"7":{"name":"(anonymous_7)","line":65,"loc":{"start":{"line":65,"column":45},"end":{"line":65,"column":77}}},"8":{"name":"(anonymous_8)","line":66,"loc":{"start":{"line":66,"column":53},"end":{"line":66,"column":72}}}},"statementMap":{"1":{"start":{"line":10,"column":0},"end":{"line":10,"column":35}},"2":{"start":{"line":11,"column":0},"end":{"line":11,"column":38}},"3":{"start":{"line":14,"column":0},"end":{"line":40,"column":3}},"4":{"start":{"line":22,"column":12},"end":{"line":24,"column":15}},"5":{"start":{"line":23,"column":15},"end":{"line":23,"column":43}},"6":{"start":{"line":35,"column":12},"end":{"line":35,"column":69}},"7":{"start":{"line":44,"column":0},"end":{"line":62,"column":3}},"8":{"start":{"line":45,"column":4},"end":{"line":45,"column":20}},"9":{"start":{"line":46,"column":4},"end":{"line":61,"column":7}},"10":{"start":{"line":47,"column":8},"end":{"line":49,"column":9}},"11":{"start":{"line":48,"column":12},"end":{"line":48,"column":29}},"12":{"start":{"line":52,"column":8},"end":{"line":60,"column":11}},"13":{"start":{"line":53,"column":12},"end":{"line":55,"column":13}},"14":{"start":{"line":54,"column":16},"end":{"line":54,"column":33}},"15":{"start":{"line":58,"column":12},"end":{"line":58,"column":33}},"16":{"start":{"line":59,"column":12},"end":{"line":59,"column":19}},"17":{"start":{"line":65,"column":0},"end":{"line":72,"column":2}},"18":{"start":{"line":66,"column":4},"end":{"line":71,"column":7}},"19":{"start":{"line":67,"column":8},"end":{"line":69,"column":9}},"20":{"start":{"line":68,"column":12},"end":{"line":68,"column":27}},"21":{"start":{"line":70,"column":8},"end":{"line":70,"column":22}},"22":{"start":{"line":75,"column":0},"end":{"line":75,"column":70}},"23":{"start":{"line":78,"column":0},"end":{"line":78,"column":30}}},"branchMap":{"1":{"line":47,"type":"if","locations":[{"start":{"line":47,"column":8},"end":{"line":47,"column":8}},{"start":{"line":47,"column":8},"end":{"line":47,"column":8}}]},"2":{"line":53,"type":"if","locations":[{"start":{"line":53,"column":12},"end":{"line":53,"column":12}},{"start":{"line":53,"column":12},"end":{"line":53,"column":12}}]},"3":{"line":67,"type":"if","locations":[{"start":{"line":67,"column":8},"end":{"line":67,"column":8}},{"start":{"line":67,"column":8},"end":{"line":67,"column":8}}]}}},"/Users/sofiakristiansen/1dv430/sk222uf-project/config/mongoose.js":{"path":"/Users/sofiakristiansen/1dv430/sk222uf-project/config/mongoose.js","s":{"1":1,"2":1,"3":1,"4":1,"5":1,"6":1,"7":0,"8":1,"9":1,"10":1,"11":1,"12":1,"13":1,"14":1,"15":1,"16":1},"b":{},"f":{"1":1,"2":0,"3":1,"4":1,"5":1,"6":1},"fnMap":{"1":{"name":"(anonymous_1)","line":14,"loc":{"start":{"line":14,"column":17},"end":{"line":14,"column":28}}},"2":{"name":"(anonymous_2)","line":19,"loc":{"start":{"line":19,"column":19},"end":{"line":19,"column":33}}},"3":{"name":"(anonymous_3)","line":23,"loc":{"start":{"line":23,"column":23},"end":{"line":23,"column":34}}},"4":{"name":"(anonymous_4)","line":27,"loc":{"start":{"line":27,"column":26},"end":{"line":27,"column":37}}},"5":{"name":"(anonymous_5)","line":32,"loc":{"start":{"line":32,"column":25},"end":{"line":32,"column":36}}},"6":{"name":"(anonymous_6)","line":33,"loc":{"start":{"line":33,"column":17},"end":{"line":33,"column":28}}}},"statementMap":{"1":{"start":{"line":10,"column":0},"end":{"line":10,"column":35}},"2":{"start":{"line":12,"column":0},"end":{"line":12,"column":53}},"3":{"start":{"line":14,"column":0},"end":{"line":40,"column":2}},"4":{"start":{"line":15,"column":4},"end":{"line":15,"column":33}},"5":{"start":{"line":17,"column":4},"end":{"line":17,"column":33}},"6":{"start":{"line":19,"column":4},"end":{"line":21,"column":7}},"7":{"start":{"line":20,"column":8},"end":{"line":20,"column":58}},"8":{"start":{"line":23,"column":4},"end":{"line":25,"column":7}},"9":{"start":{"line":24,"column":8},"end":{"line":24,"column":46}},"10":{"start":{"line":27,"column":4},"end":{"line":29,"column":7}},"11":{"start":{"line":28,"column":8},"end":{"line":28,"column":51}},"12":{"start":{"line":32,"column":4},"end":{"line":37,"column":7}},"13":{"start":{"line":33,"column":8},"end":{"line":36,"column":11}},"14":{"start":{"line":34,"column":12},"end":{"line":34,"column":85}},"15":{"start":{"line":35,"column":12},"end":{"line":35,"column":28}},"16":{"start":{"line":39,"column":4},"end":{"line":39,"column":14}}},"branchMap":{}}}