TN:
SF:/Users/sofiakristiansen/1dv430/sk222uf-project/models/RegisterUser.js
FN:24,(anonymous_1)
FN:25,(anonymous_2)
FN:38,(anonymous_3)
FN:48,(anonymous_4)
FN:50,(anonymous_5)
FN:56,(anonymous_6)
FN:69,(anonymous_7)
FN:70,(anonymous_8)
FNF:8
FNH:8
FNDA:4,(anonymous_1)
FNDA:4,(anonymous_2)
FNDA:4,(anonymous_3)
FNDA:2,(anonymous_4)
FNDA:2,(anonymous_5)
FNDA:2,(anonymous_6)
FNDA:2,(anonymous_7)
FNDA:2,(anonymous_8)
DA:10,1
DA:11,1
DA:13,1
DA:16,1
DA:25,4
DA:26,4
DA:39,4
DA:48,1
DA:49,2
DA:50,2
DA:51,2
DA:52,0
DA:56,2
DA:57,2
DA:58,0
DA:62,2
DA:63,2
DA:69,1
DA:70,2
DA:71,2
DA:72,0
DA:74,2
DA:79,1
DA:82,1
LF:24
LH:21
BRDA:51,1,0,0
BRDA:51,1,1,2
BRDA:57,2,0,0
BRDA:57,2,1,2
BRDA:71,3,0,0
BRDA:71,3,1,2
BRF:6
BRH:3
end_of_record
TN:
SF:/Users/sofiakristiansen/1dv430/sk222uf-project/config/mongoose.js
FN:16,(anonymous_1)
FN:20,(anonymous_2)
FN:24,(anonymous_3)
FN:29,(anonymous_4)
FN:32,(anonymous_5)
FN:38,(anonymous_6)
FN:39,(anonymous_7)
FNF:7
FNH:5
FNDA:2,(anonymous_1)
FNDA:1,(anonymous_2)
FNDA:2,(anonymous_3)
FNDA:1,(anonymous_4)
FNDA:1,(anonymous_5)
FNDA:0,(anonymous_6)
FNDA:0,(anonymous_7)
DA:10,1
DA:12,1
DA:14,1
DA:16,1
DA:17,2
DA:18,2
DA:20,2
DA:21,1
DA:24,2
DA:25,2
DA:29,1
DA:30,1
DA:32,1
DA:33,1
DA:38,1
DA:39,0
DA:40,0
DA:41,0
DA:45,1
LF:19
LH:16
BRF:0
BRH:0
end_of_record
TN:
SF:/Users/sofiakristiansen/1dv430/sk222uf-project/app.js
FN:64,(anonymous_1)
FN:75,(anonymous_2)
FN:79,(anonymous_3)
FN:87,(anonymous_4)
FN:93,(anonymous_5)
FNF:5
FNH:2
FNDA:1,(anonymous_1)
FNDA:0,(anonymous_2)
FNDA:0,(anonymous_3)
FNDA:0,(anonymous_4)
FNDA:1,(anonymous_5)
DA:10,1
DA:11,1
DA:12,1
DA:13,1
DA:14,1
DA:16,1
DA:18,1
DA:19,1
DA:22,1
DA:25,1
DA:28,1
DA:29,1
DA:32,1
DA:35,1
DA:38,1
DA:41,1
DA:46,1
DA:56,1
DA:64,1
DA:65,1
DA:66,1
DA:68,1
DA:72,1
DA:75,1
DA:76,0
DA:79,1
DA:80,0
DA:81,0
DA:83,0
DA:84,0
DA:87,1
DA:88,0
DA:89,0
DA:93,1
DA:94,1
DA:97,1
LF:36
LH:29
BRDA:19,1,0,1
BRDA:19,1,1,1
BRDA:80,2,0,0
BRDA:80,2,1,0
BRF:4
BRH:2
end_of_record
TN:
SF:/Users/sofiakristiansen/1dv430/sk222uf-project/routes/router.js
FN:23,(anonymous_1)
FN:35,(anonymous_2)
FN:46,(anonymous_3)
FN:57,(anonymous_4)
FN:66,(anonymous_5)
FN:71,(anonymous_6)
FN:111,(anonymous_7)
FN:115,(anonymous_8)
FN:116,(anonymous_9)
FN:135,(anonymous_10)
FN:147,(anonymous_11)
FN:152,(anonymous_12)
FN:155,(anonymous_13)
FN:165,(anonymous_14)
FN:167,(anonymous_15)
FN:170,(anonymous_16)
FN:180,(anonymous_17)
FN:183,(anonymous_18)
FN:195,(anonymous_19)
FN:205,(anonymous_20)
FN:210,(anonymous_21)
FN:218,(anonymous_22)
FN:223,(anonymous_23)
FN:239,(anonymous_24)
FN:244,(anonymous_25)
FN:252,(anonymous_26)
FN:257,(anonymous_27)
FN:273,(anonymous_28)
FNF:28
FNH:1
FNDA:1,(anonymous_1)
FNDA:0,(anonymous_2)
FNDA:0,(anonymous_3)
FNDA:0,(anonymous_4)
FNDA:0,(anonymous_5)
FNDA:0,(anonymous_6)
FNDA:0,(anonymous_7)
FNDA:0,(anonymous_8)
FNDA:0,(anonymous_9)
FNDA:0,(anonymous_10)
FNDA:0,(anonymous_11)
FNDA:0,(anonymous_12)
FNDA:0,(anonymous_13)
FNDA:0,(anonymous_14)
FNDA:0,(anonymous_15)
FNDA:0,(anonymous_16)
FNDA:0,(anonymous_17)
FNDA:0,(anonymous_18)
FNDA:0,(anonymous_19)
FNDA:0,(anonymous_20)
FNDA:0,(anonymous_21)
FNDA:0,(anonymous_22)
FNDA:0,(anonymous_23)
FNDA:0,(anonymous_24)
FNDA:0,(anonymous_25)
FNDA:0,(anonymous_26)
FNDA:0,(anonymous_27)
FNDA:0,(anonymous_28)
DA:10,1
DA:11,1
DA:12,1
DA:13,1
DA:14,1
DA:17,1
DA:20,1
DA:23,1
DA:24,1
DA:27,1
DA:28,1
DA:30,0
DA:35,1
DA:36,0
DA:38,0
DA:39,0
DA:41,0
DA:46,1
DA:47,0
DA:49,0
DA:50,0
DA:52,0
DA:57,1
DA:59,0
DA:65,0
DA:68,0
DA:69,0
DA:73,0
DA:75,0
DA:80,0
DA:81,0
DA:86,0
DA:87,0
DA:95,0
DA:111,1
DA:112,0
DA:114,0
DA:116,0
DA:117,0
DA:118,0
DA:121,0
DA:122,0
DA:123,0
DA:125,0
DA:133,0
DA:136,0
DA:137,0
DA:141,0
DA:147,1
DA:148,0
DA:149,0
DA:151,0
DA:154,0
DA:156,0
DA:163,0
DA:166,0
DA:169,0
DA:171,0
DA:178,0
DA:181,0
DA:184,0
DA:189,0
DA:195,1
DA:196,0
DA:197,0
DA:199,0
DA:200,0
DA:205,1
DA:206,0
DA:210,1
DA:212,0
DA:217,0
DA:220,0
DA:221,0
DA:225,0
DA:227,0
DA:234,0
DA:239,1
DA:240,0
DA:244,1
DA:246,0
DA:251,0
DA:254,0
DA:255,0
DA:259,0
DA:261,0
DA:268,0
DA:273,1
DA:274,0
DA:278,1
LF:90
LH:23
BRDA:27,1,0,1
BRDA:27,1,1,0
BRDA:38,2,0,0
BRDA:38,2,1,0
BRDA:49,3,0,0
BRDA:49,3,1,0
BRDA:73,4,0,0
BRDA:73,4,1,0
BRDA:73,5,0,0
BRDA:73,5,1,0
BRDA:80,6,0,0
BRDA:80,6,1,0
BRDA:80,7,0,0
BRDA:80,7,1,0
BRDA:86,8,0,0
BRDA:86,8,1,0
BRDA:86,9,0,0
BRDA:86,9,1,0
BRDA:117,10,0,0
BRDA:117,10,1,0
BRDA:121,11,0,0
BRDA:121,11,1,0
BRDA:136,12,0,0
BRDA:136,12,1,0
BRDA:197,13,0,0
BRDA:197,13,1,0
BRDA:225,14,0,0
BRDA:225,14,1,0
BRDA:259,15,0,0
BRDA:259,15,1,0
BRF:30
BRH:1
end_of_record
TN:
SF:/Users/sofiakristiansen/1dv430/sk222uf-project/models/Bucketlist.js
FNF:0
FNH:0
DA:9,1
DA:11,1
DA:14,1
DA:27,1
DA:30,1
LF:5
LH:5
BRF:0
BRH:0
end_of_record
TN:
SF:/Users/sofiakristiansen/1dv430/sk222uf-project/models/Lifelist.js
FNF:0
FNH:0
DA:9,1
DA:11,1
DA:14,1
DA:27,1
DA:30,1
LF:5
LH:5
BRF:0
BRH:0
end_of_record
